[05-Apr-2026 05:26:12 UTC] PHP Fatal error:  Out of memory (allocated 37748736 bytes) (tried to allocate 4096 bytes) in /workspaces/UX-221-BR1---Web-Design-Lab-II-Assignment-Four/.wordpress/wp-includes/functions.php on line 4961
[05-Apr-2026 05:26:12 UTC] PHP Fatal error:  Out of memory (allocated 37748736 bytes) (tried to allocate 12288 bytes) in /workspaces/UX-221-BR1---Web-Design-Lab-II-Assignment-Four/.wordpress/wp-includes/functions.php on line 6910
[05-Apr-2026 05:26:12 UTC] PHP Fatal error:  Out of memory (allocated 35651584 bytes) (tried to allocate 2097152 bytes) in /workspaces/UX-221-BR1---Web-Design-Lab-II-Assignment-Four/.wordpress/wp-content/plugins/ecommerce-product-catalog/includes/class-ic-featured-products.php on line 56
[05-Apr-2026 05:26:12 UTC] PHP Fatal error:  Out of memory (allocated 35651584 bytes) (tried to allocate 2097152 bytes) in /workspaces/UX-221-BR1---Web-Design-Lab-II-Assignment-Four/.wordpress/wp-includes/Requests/src/Cookie/Jar.php on line 32
[05-Apr-2026 05:46:07 UTC] PHP Warning:  Undefined variable $parent_theme_name in /workspaces/UX-221-BR1---Web-Design-Lab-II-Assignment-Four/.wordpress/wp-content/mu-plugins/one-click-child-theme/templates/create_child_form.php on line 18
[05-Apr-2026 05:46:25 UTC] PHP Fatal error:  Out of memory (allocated 37748736 bytes) (tried to allocate 4096 bytes) in /workspaces/UX-221-BR1---Web-Design-Lab-II-Assignment-Four/.wordpress/wp-includes/rest-api/endpoints/class-wp-rest-templates-controller.php on line 1187
[05-Apr-2026 05:50:32 UTC] PHP Warning:  Undefined variable $parent_theme_name in /workspaces/UX-221-BR1---Web-Design-Lab-II-Assignment-Four/.wordpress/wp-content/mu-plugins/one-click-child-theme/templates/create_child_form.php on line 18
[05-Apr-2026 06:00:32 UTC] PHP Fatal error:  Out of memory (allocated 142606336 bytes) (tried to allocate 8192 bytes) in /workspaces/UX-221-BR1---Web-Design-Lab-II-Assignment-Four/.wordpress/wp-includes/class-wp-image-editor.php on line 577
[05-Apr-2026 06:00:32 UTC] PHP Fatal error:  Out of memory (allocated 58720256 bytes) (tried to allocate 2097152 bytes) in /workspaces/UX-221-BR1---Web-Design-Lab-II-Assignment-Four/.wordpress/wp-content/plugins/ecommerce-product-catalog/includes/extensions.php on line 552
[05-Apr-2026 06:00:32 UTC] PHP Fatal error:  Out of memory (allocated 58720256 bytes) (tried to allocate 2097152 bytes) in /workspaces/UX-221-BR1---Web-Design-Lab-II-Assignment-Four/.wordpress/wp-includes/Requests/src/Cookie/Jar.php on line 32
[05-Apr-2026 06:00:33 UTC] PHP Fatal error:  Out of memory (allocated 58720256 bytes) (tried to allocate 2097152 bytes) in /workspaces/UX-221-BR1---Web-Design-Lab-II-Assignment-Four/.wordpress/wp-content/plugins/ecommerce-product-catalog/includes/extensions.php on line 552
[05-Apr-2026 06:00:33 UTC] PHP Fatal error:  Out of memory (allocated 58720256 bytes) (tried to allocate 2097152 bytes) in /workspaces/UX-221-BR1---Web-Design-Lab-II-Assignment-Four/.wordpress/wp-includes/Requests/src/Cookie/Jar.php on line 32
[05-Apr-2026 06:00:33 UTC] PHP Fatal error:  Out of memory (allocated 44040192 bytes) (tried to allocate 2097152 bytes) in /workspaces/UX-221-BR1---Web-Design-Lab-II-Assignment-Four/.wordpress/wp-content/plugins/ecommerce-product-catalog/includes/extensions.php on line 552
[05-Apr-2026 06:00:33 UTC] PHP Fatal error:  Out of memory (allocated 44040192 bytes) (tried to allocate 2097152 bytes) in /workspaces/UX-221-BR1---Web-Design-Lab-II-Assignment-Four/.wordpress/wp-includes/Requests/src/Cookie/Jar.php on line 32
[05-Apr-2026 06:00:33 UTC] PHP Fatal error:  Out of memory (allocated 37748736 bytes) (tried to allocate 843776 bytes) in /workspaces/UX-221-BR1---Web-Design-Lab-II-Assignment-Four/.wordpress/wp-includes/class-wp-image-editor-gd.php on line 102
[05-Apr-2026 06:00:34 UTC] PHP Fatal error:  Out of memory (allocated 37748736 bytes) (tried to allocate 843776 bytes) in /workspaces/UX-221-BR1---Web-Design-Lab-II-Assignment-Four/.wordpress/wp-includes/class-wp-image-editor-gd.php on line 102
[05-Apr-2026 06:00:43 UTC] PHP Fatal error:  Out of memory (allocated 37748736 bytes) (tried to allocate 344064 bytes) in /workspaces/UX-221-BR1---Web-Design-Lab-II-Assignment-Four/.wordpress/wp-includes/class-wp-image-editor-gd.php on line 102
[05-Apr-2026 06:01:01 UTC] PHP Fatal error:  Out of memory (allocated 37748736 bytes) (tried to allocate 32768 bytes) in /workspaces/UX-221-BR1---Web-Design-Lab-II-Assignment-Four/.wordpress/wp-admin/includes/media.php on line 3579
[05-Apr-2026 06:01:01 UTC] PHP Fatal error:  Out of memory (allocated 37748736 bytes) (tried to allocate 32768 bytes) in /workspaces/UX-221-BR1---Web-Design-Lab-II-Assignment-Four/.wordpress/wp-includes/plugin.php on line 177
[05-Apr-2026 06:01:19 UTC] PHP Fatal error:  Out of memory (allocated 37748736 bytes) (tried to allocate 32768 bytes) in /workspaces/UX-221-BR1---Web-Design-Lab-II-Assignment-Four/.wordpress/wp-admin/includes/media.php on line 3579
[05-Apr-2026 06:01:19 UTC] PHP Fatal error:  Out of memory (allocated 37748736 bytes) (tried to allocate 32768 bytes) in /workspaces/UX-221-BR1---Web-Design-Lab-II-Assignment-Four/.wordpress/wp-includes/plugin.php on line 177
